TN:
SF:src\__tests__\mocks\WebAudioAPI.ts
FN:3,(anonymous_0)
FN:9,(anonymous_1)
FN:24,(anonymous_2)
FN:28,(anonymous_3)
FN:32,(anonymous_4)
FN:36,(anonymous_5)
FN:40,(anonymous_6)
FN:44,(anonymous_7)
FN:52,(anonymous_8)
FN:57,(anonymous_9)
FN:62,(anonymous_10)
FN:69,(anonymous_11)
FN:77,(anonymous_12)
FN:81,(anonymous_13)
FN:85,(anonymous_14)
FN:93,(anonymous_15)
FN:97,(anonymous_16)
FN:101,(anonymous_17)
FN:111,(anonymous_18)
FN:115,(anonymous_19)
FN:117,(anonymous_20)
FN:118,(anonymous_21)
FN:122,(anonymous_22)
FN:128,(anonymous_23)
FN:132,(anonymous_24)
FN:136,(anonymous_25)
FN:144,(anonymous_26)
FN:148,(anonymous_27)
FN:150,(anonymous_28)
FN:151,(anonymous_29)
FN:155,(anonymous_30)
FN:167,(anonymous_31)
FN:172,(anonymous_32)
FN:180,(anonymous_33)
FN:184,(anonymous_34)
FN:196,(anonymous_35)
FN:200,(anonymous_36)
FNF:37
FNH:15
FNDA:19,(anonymous_0)
FNDA:4,(anonymous_1)
FNDA:12,(anonymous_2)
FNDA:0,(anonymous_3)
FNDA:0,(anonymous_4)
FNDA:0,(anonymous_5)
FNDA:0,(anonymous_6)
FNDA:0,(anonymous_7)
FNDA:1,(anonymous_8)
FNDA:6,(anonymous_9)
FNDA:15,(anonymous_10)
FNDA:16,(anonymous_11)
FNDA:15,(anonymous_12)
FNDA:3,(anonymous_13)
FNDA:2,(anonymous_14)
FNDA:0,(anonymous_15)
FNDA:1,(anonymous_16)
FNDA:0,(anonymous_17)
FNDA:0,(anonymous_18)
FNDA:0,(anonymous_19)
FNDA:0,(anonymous_20)
FNDA:0,(anonymous_21)
FNDA:0,(anonymous_22)
FNDA:0,(anonymous_23)
FNDA:0,(anonymous_24)
FNDA:0,(anonymous_25)
FNDA:0,(anonymous_26)
FNDA:0,(anonymous_27)
FNDA:0,(anonymous_28)
FNDA:0,(anonymous_29)
FNDA:0,(anonymous_30)
FNDA:0,(anonymous_31)
FNDA:18,(anonymous_32)
FNDA:4,(anonymous_33)
FNDA:4,(anonymous_34)
FNDA:4,(anonymous_35)
FNDA:0,(anonymous_36)
DA:2,2
DA:4,19
DA:5,19
DA:6,19
DA:7,19
DA:8,19
DA:11,4
DA:16,19
DA:17,19
DA:18,19
DA:19,19
DA:20,19
DA:25,12
DA:29,0
DA:33,0
DA:37,0
DA:41,0
DA:45,0
DA:53,1
DA:54,1
DA:58,6
DA:59,6
DA:63,15
DA:64,15
DA:68,2
DA:70,16
DA:71,16
DA:74,16
DA:75,16
DA:78,15
DA:84,2
DA:86,2
DA:87,2
DA:90,2
DA:91,2
DA:94,0
DA:100,2
DA:102,0
DA:103,0
DA:104,0
DA:107,0
DA:108,0
DA:109,0
DA:112,0
DA:121,2
DA:123,0
DA:126,0
DA:129,0
DA:135,2
DA:137,0
DA:138,0
DA:141,0
DA:142,0
DA:145,0
DA:154,2
DA:156,0
DA:157,0
DA:158,0
DA:159,0
DA:162,0
DA:163,0
DA:164,0
DA:165,0
DA:168,0
DA:172,2
DA:173,18
DA:174,18
DA:175,18
DA:176,18
DA:179,2
DA:181,4
DA:182,4
DA:183,4
DA:190,4
DA:191,4
DA:192,4
DA:197,4
DA:204,2
DA:205,2
DA:206,2
DA:207,2
DA:208,2
DA:209,2
DA:210,2
DA:211,2
DA:212,2
LF:86
LH:56
BRDA:4,0,0,19
BRDA:4,0,1,13
BRF:2
BRH:2
end_of_record
TN:
SF:src\core\di\DIContainer.ts
FN:27,(anonymous_0)
FN:37,(anonymous_1)
FN:53,(anonymous_2)
FN:62,(anonymous_3)
FN:74,(anonymous_4)
FN:130,(anonymous_5)
FN:137,(anonymous_6)
FN:148,(anonymous_7)
FN:158,(anonymous_8)
FN:172,(anonymous_9)
FN:175,(anonymous_10)
FN:187,(anonymous_11)
FNF:12
FNH:9
FNDA:19,(anonymous_0)
FNDA:28,(anonymous_1)
FNDA:10,(anonymous_2)
FNDA:1,(anonymous_3)
FNDA:29,(anonymous_4)
FNDA:0,(anonymous_5)
FNDA:1,(anonymous_6)
FNDA:18,(anonymous_7)
FNDA:0,(anonymous_8)
FNDA:18,(anonymous_9)
FNDA:0,(anonymous_10)
FNDA:23,(anonymous_11)
DA:1,2
DA:2,2
DA:3,2
DA:22,2
DA:23,19
DA:24,19
DA:25,19
DA:28,19
DA:38,28
DA:39,1
DA:42,27
DA:54,10
DA:63,1
DA:75,29
DA:76,29
DA:77,1
DA:81,28
DA:82,1
DA:85,27
DA:87,27
DA:89,27
DA:91,14
DA:92,11
DA:93,10
DA:94,2
DA:95,2
DA:98,13
DA:99,13
DA:102,7
DA:103,7
DA:104,0
DA:105,0
DA:107,7
DA:110,6
DA:111,6
DA:112,0
DA:113,0
DA:115,6
DA:118,0
DA:120,26
DA:122,27
DA:131,0
DA:138,1
DA:139,1
DA:140,1
DA:149,18
DA:151,18
DA:152,18
DA:153,18
DA:158,18
DA:159,18
DA:161,1
DA:162,1
DA:164,0
DA:173,18
DA:174,18
DA:175,0
DA:180,18
DA:188,23
LF:59
LH:51
BRDA:38,0,0,1
BRDA:76,1,0,1
BRDA:81,2,0,1
BRDA:89,3,0,14
BRDA:89,3,1,7
BRDA:89,3,2,6
BRDA:89,3,3,0
BRDA:91,4,0,11
BRDA:93,5,0,2
BRDA:103,6,0,0
BRDA:111,7,0,0
BRDA:161,8,0,1
BRDA:174,9,0,0
BRDA:188,10,0,23
BRDA:188,10,1,23
BRDA:188,10,2,2
BRF:16
BRH:12
end_of_record
TN:
SF:src\core\di\ServiceScope.ts
FN:5,(anonymous_0)
FNF:1
FNH:1
FNDA:2,(anonymous_0)
DA:5,2
DA:9,2
DA:14,2
DA:19,2
LF:4
LH:4
BRDA:5,0,0,2
BRDA:5,0,1,2
BRF:2
BRH:2
end_of_record
TN:
SF:src\core\di\decorators.ts
FN:13,Injectable
FN:14,(anonymous_1)
FN:25,Inject
FN:26,(anonymous_3)
FN:36,InjectableFactory
FN:37,(anonymous_5)
FN:48,getMetadata
FN:56,isInjectable
FN:64,isSingleton
FN:72,getDependencies
FNF:10
FNH:2
FNDA:0,Injectable
FNDA:0,(anonymous_1)
FNDA:0,Inject
FNDA:0,(anonymous_3)
FNDA:0,InjectableFactory
FNDA:0,(anonymous_5)
FNDA:18,getMetadata
FNDA:18,isInjectable
FNDA:0,isSingleton
FNDA:0,getDependencies
DA:13,2
DA:14,0
DA:15,0
DA:16,0
DA:17,0
DA:25,2
DA:26,0
DA:27,0
DA:28,0
DA:29,0
DA:36,2
DA:37,0
DA:38,0
DA:39,0
DA:48,2
DA:49,18
DA:56,2
DA:57,18
DA:64,2
DA:65,0
DA:72,2
DA:73,0
LF:22
LH:9
BRDA:13,0,0,0
BRDA:16,1,0,0
BRDA:16,1,1,0
BRDA:17,2,0,0
BRDA:17,2,1,0
BRDA:27,3,0,0
BRDA:27,3,1,0
BRDA:57,4,0,18
BRDA:57,4,1,0
BRDA:65,5,0,0
BRDA:65,5,1,0
BRDA:73,6,0,0
BRDA:73,6,1,0
BRF:13
BRH:1
end_of_record
TN:
SF:src\core\di\lifecycle.ts
FN:13,(anonymous_0)
FN:17,(anonymous_1)
FN:29,(anonymous_2)
FN:33,(anonymous_3)
FN:44,(anonymous_4)
FN:51,(anonymous_5)
FN:52,(anonymous_6)
FN:68,oo_cm
FNF:8
FNH:4
FNDA:0,(anonymous_0)
FNDA:0,(anonymous_1)
FNDA:2,(anonymous_2)
FNDA:19,(anonymous_3)
FNDA:2,(anonymous_4)
FNDA:1,(anonymous_5)
FNDA:0,(anonymous_6)
FNDA:0,oo_cm
DA:12,2
DA:25,2
DA:27,2
DA:34,19
DA:35,2
DA:37,19
DA:45,2
DA:52,1
DA:53,0
DA:54,0
DA:56,0
DA:59,1
DA:68,2
LF:13
LH:10
BRDA:34,0,0,2
BRDA:68,1,0,0
BRDA:68,1,1,0
BRF:3
BRH:1
end_of_record
TN:
SF:src\core\error\ErrorHandler.ts
FN:9,(anonymous_0)
FN:11,(anonymous_1)
FN:18,(anonymous_2)
FN:22,(anonymous_3)
FN:32,(anonymous_4)
FN:35,(anonymous_5)
FN:39,(anonymous_6)
FN:43,(anonymous_7)
FN:54,oo_cm
FNF:9
FNH:9
FNDA:7,(anonymous_0)
FNDA:93,(anonymous_1)
FNDA:14,(anonymous_2)
FNDA:4,(anonymous_3)
FNDA:24,(anonymous_4)
FNDA:45,(anonymous_5)
FNDA:37,(anonymous_6)
FNDA:1,(anonymous_7)
FNDA:26,oo_cm
DA:5,8
DA:6,8
DA:7,7
DA:12,93
DA:13,7
DA:15,93
DA:19,14
DA:20,1
DA:21,1
DA:22,4
DA:23,1
DA:26,13
DA:27,13
DA:28,12
DA:32,24
DA:36,45
DA:40,37
DA:44,1
DA:45,1
DA:54,26
LF:20
LH:20
BRDA:12,0,0,7
BRDA:19,1,0,1
BRDA:27,2,0,12
BRDA:54,3,0,26
BRDA:54,3,1,6
BRF:5
BRH:5
end_of_record
TN:
SF:src\core\events\Event.ts
FN:6,(anonymous_0)
FN:12,(anonymous_1)
FNF:2
FNH:1
FNDA:150,(anonymous_0)
FNDA:0,(anonymous_1)
DA:5,4
DA:7,150
DA:8,150
DA:9,150
DA:13,0
LF:5
LH:4
BRDA:9,0,0,150
BRF:1
BRH:1
end_of_record
TN:
SF:src\core\events\EventBus.ts
FN:7,(anonymous_0)
FN:29,(anonymous_1)
FN:33,(anonymous_2)
FN:41,(anonymous_3)
FN:47,(anonymous_4)
FN:53,(anonymous_5)
FN:61,(anonymous_6)
FN:66,(anonymous_7)
FN:71,(anonymous_8)
FN:79,(anonymous_9)
FN:89,(anonymous_10)
FN:98,(anonymous_11)
FN:99,(anonymous_12)
FN:107,(anonymous_13)
FN:124,(anonymous_14)
FN:129,(anonymous_15)
FN:140,oo_cm
FNF:17
FNH:9
FNDA:1,(anonymous_0)
FNDA:10,(anonymous_1)
FNDA:12,(anonymous_2)
FNDA:111,(anonymous_3)
FNDA:0,(anonymous_4)
FNDA:11,(anonymous_5)
FNDA:1,(anonymous_6)
FNDA:0,(anonymous_7)
FNDA:111,(anonymous_8)
FNDA:111,(anonymous_9)
FNDA:0,(anonymous_10)
FNDA:0,(anonymous_11)
FNDA:0,(anonymous_12)
FNDA:0,(anonymous_13)
FNDA:0,(anonymous_14)
FNDA:10,(anonymous_15)
FNDA:0,oo_cm
DA:1,1
DA:2,1
DA:7,1
DA:8,1
DA:9,1
DA:10,1
DA:11,1
DA:23,1
DA:24,1
DA:25,10
DA:26,10
DA:27,10
DA:30,10
DA:34,12
DA:35,10
DA:37,12
DA:42,111
DA:43,111
DA:48,0
DA:49,0
DA:54,11
DA:55,10
DA:57,11
DA:62,1
DA:67,0
DA:72,111
DA:73,111
DA:75,111
DA:76,0
DA:79,111
DA:80,111
DA:81,111
DA:83,1
DA:90,0
DA:91,0
DA:93,0
DA:94,0
DA:97,0
DA:99,0
DA:100,0
DA:112,0
DA:113,0
DA:115,0
DA:116,0
DA:117,0
DA:118,0
DA:120,0
DA:121,0
DA:122,0
DA:124,0
DA:130,10
DA:131,10
DA:140,1
LF:53
LH:32
BRDA:7,0,0,1
BRDA:7,0,1,1
BRDA:34,1,0,10
BRDA:41,2,0,111
BRDA:47,3,0,0
BRDA:53,4,0,11
BRDA:54,5,0,10
BRDA:73,6,0,0
BRDA:75,7,0,0
BRDA:91,8,0,0
BRDA:93,9,0,0
BRDA:110,10,0,0
BRDA:112,11,0,0
BRDA:112,12,0,0
BRDA:121,13,0,0
BRDA:140,14,0,0
BRDA:140,14,1,0
BRF:17
BRH:6
end_of_record
TN:
SF:src\core\events\EventFilter.ts
FN:13,(anonymous_0)
FN:17,(anonymous_1)
FN:24,(anonymous_2)
FN:31,(anonymous_3)
FN:35,(anonymous_4)
FN:40,(anonymous_5)
FN:47,(anonymous_6)
FNF:7
FNH:7
FNDA:9,(anonymous_0)
FNDA:11,(anonymous_1)
FNDA:8,(anonymous_2)
FNDA:1,(anonymous_3)
FNDA:8,(anonymous_4)
FNDA:7,(anonymous_5)
FNDA:9,(anonymous_6)
DA:2,1
DA:8,1
DA:9,1
DA:10,9
DA:11,9
DA:14,9
DA:18,11
DA:19,9
DA:21,11
DA:25,8
DA:26,7
DA:28,8
DA:32,1
DA:36,8
DA:37,8
DA:39,6
DA:40,7
DA:42,1
DA:43,1
DA:48,9
DA:49,9
LF:21
LH:21
BRDA:18,0,0,9
BRDA:25,1,0,7
BRDA:37,2,0,2
BRDA:37,3,0,8
BRDA:37,3,1,6
BRDA:42,4,0,1
BRDA:42,4,1,0
BRF:7
BRH:6
end_of_record
TN:
SF:src\core\events\EventLogService.ts
FN:13,(anonymous_0)
FN:15,(anonymous_1)
FN:22,(anonymous_2)
FN:38,(anonymous_3)
FN:42,(anonymous_4)
FN:43,(anonymous_5)
FN:46,(anonymous_6)
FN:47,(anonymous_7)
FN:52,(anonymous_8)
FN:53,(anonymous_9)
FN:56,(anonymous_10)
FN:63,(anonymous_11)
FN:67,(anonymous_12)
FNF:13
FNH:10
FNDA:1,(anonymous_0)
FNDA:8,(anonymous_1)
FNDA:15,(anonymous_2)
FNDA:3,(anonymous_3)
FNDA:1,(anonymous_4)
FNDA:2,(anonymous_5)
FNDA:1,(anonymous_6)
FNDA:1,(anonymous_7)
FNDA:0,(anonymous_8)
FNDA:0,(anonymous_9)
FNDA:1,(anonymous_10)
FNDA:7,(anonymous_11)
FNDA:0,(anonymous_12)
DA:8,1
DA:9,1
DA:10,1
DA:11,1
DA:16,8
DA:17,1
DA:19,8
DA:23,15
DA:30,15
DA:33,15
DA:34,5
DA:39,3
DA:43,2
DA:47,1
DA:48,1
DA:53,0
DA:57,1
DA:58,1
DA:59,0
DA:64,7
DA:68,0
DA:69,0
LF:22
LH:18
BRDA:16,0,0,1
BRDA:22,1,0,15
BRDA:22,2,0,15
BRDA:33,3,0,5
BRDA:48,4,0,1
BRDA:48,4,1,1
BRDA:58,5,0,0
BRF:7
BRH:6
end_of_record
TN:
SF:src\core\events\EventTranslator.ts
FN:13,(anonymous_0)
FN:18,(anonymous_1)
FN:25,(anonymous_2)
FN:32,(anonymous_3)
FN:36,(anonymous_4)
FN:68,(anonymous_5)
FNF:6
FNH:6
FNDA:8,(anonymous_0)
FNDA:10,(anonymous_1)
FNDA:7,(anonymous_2)
FNDA:1,(anonymous_3)
FNDA:7,(anonymous_4)
FNDA:8,(anonymous_5)
DA:2,1
DA:8,1
DA:9,1
DA:10,8
DA:11,8
DA:14,8
DA:15,8
DA:19,10
DA:20,8
DA:22,10
DA:26,7
DA:27,6
DA:29,7
DA:33,1
DA:37,7
DA:38,7
DA:39,2
DA:42,5
DA:43,5
DA:46,5
DA:47,6
DA:48,6
DA:49,5
DA:51,1
DA:55,5
DA:56,1
DA:61,4
DA:63,0
DA:64,0
DA:69,8
DA:70,8
LF:31
LH:29
BRDA:19,0,0,8
BRDA:26,1,0,6
BRDA:38,2,0,2
BRDA:38,3,0,7
BRDA:38,3,1,6
BRDA:55,4,0,1
BRDA:61,5,0,3
BRDA:61,5,1,1
BRDA:63,6,0,0
BRDA:63,6,1,0
BRF:10
BRH:8
end_of_record
TN:
SF:src\core\services\BaseService.ts
FN:15,(anonymous_0)
FN:18,(anonymous_1)
FN:24,(anonymous_2)
FN:30,(anonymous_3)
FNF:4
FNH:2
FNDA:13,(anonymous_0)
FNDA:10,(anonymous_1)
FNDA:0,(anonymous_2)
FNDA:0,(anonymous_3)
DA:15,2
DA:16,13
DA:19,10
DA:20,10
DA:21,10
DA:25,0
DA:26,0
DA:27,0
DA:31,0
LF:9
LH:5
BRDA:19,0,0,0
BRDA:25,1,0,0
BRF:2
BRH:0
end_of_record
TN:
SF:src\core\state\StateManager.ts
FN:11,(anonymous_0)
FN:13,(anonymous_1)
FN:20,(anonymous_2)
FN:24,(anonymous_3)
FN:28,(anonymous_4)
FN:32,(anonymous_5)
FNF:6
FNH:6
FNDA:10,(anonymous_0)
FNDA:12,(anonymous_1)
FNDA:9,(anonymous_2)
FNDA:1,(anonymous_3)
FNDA:5,(anonymous_4)
FNDA:11,(anonymous_5)
DA:7,1
DA:8,1
DA:9,10
DA:14,12
DA:15,10
DA:17,12
DA:21,9
DA:25,1
DA:29,5
DA:33,11
DA:34,11
LF:11
LH:11
BRDA:14,0,0,10
BRF:1
BRH:1
end_of_record
TN:
SF:src\core\state\StateSlice.ts
FN:13,(anonymous_0)
FN:21,(anonymous_1)
FN:25,(anonymous_2)
FN:30,(anonymous_3)
FN:38,(anonymous_4)
FN:40,(anonymous_5)
FN:43,(anonymous_6)
FN:44,(anonymous_7)
FNF:8
FNH:8
FNDA:17,(anonymous_0)
FNDA:6,(anonymous_1)
FNDA:7,(anonymous_2)
FNDA:9,(anonymous_3)
FNDA:10,(anonymous_4)
FNDA:2,(anonymous_5)
FNDA:16,(anonymous_6)
FNDA:12,(anonymous_7)
DA:2,2
DA:8,2
DA:9,17
DA:10,17
DA:11,17
DA:14,17
DA:17,17
DA:18,17
DA:22,6
DA:26,7
DA:27,7
DA:31,9
DA:35,9
DA:39,10
DA:40,10
DA:44,16
DA:45,12
DA:46,12
DA:48,2
LF:19
LH:19
BRF:0
BRH:0
end_of_record
TN:
SF:src\core\state\StateStore.ts
FN:9,(anonymous_0)
FN:11,(anonymous_1)
FN:18,(anonymous_2)
FN:22,(anonymous_3)
FN:26,(anonymous_4)
FN:30,(anonymous_5)
FN:34,(anonymous_6)
FNF:7
FNH:6
FNDA:1,(anonymous_0)
FNDA:8,(anonymous_1)
FNDA:6,(anonymous_2)
FNDA:6,(anonymous_3)
FNDA:1,(anonymous_4)
FNDA:7,(anonymous_5)
FNDA:0,(anonymous_6)
DA:5,1
DA:6,1
DA:7,1
DA:12,8
DA:13,1
DA:15,8
DA:19,6
DA:23,6
DA:27,1
DA:31,7
DA:35,0
DA:36,0
LF:12
LH:10
BRDA:12,0,0,1
BRF:1
BRH:1
end_of_record
TN:
SF:src\data\models\Project.ts
FN:28,(anonymous_0)
FN:47,(anonymous_1)
FN:56,(anonymous_2)
FN:63,(anonymous_3)
FN:65,(anonymous_4)
FN:70,(anonymous_5)
FN:72,(anonymous_6)
FN:81,(anonymous_7)
FN:82,(anonymous_8)
FN:86,(anonymous_9)
FN:87,(anonymous_10)
FN:91,(anonymous_11)
FNF:12
FNH:12
FNDA:6,(anonymous_0)
FNDA:8,(anonymous_1)
FNDA:1,(anonymous_2)
FNDA:1,(anonymous_3)
FNDA:1,(anonymous_4)
FNDA:1,(anonymous_5)
FNDA:1,(anonymous_6)
FNDA:1,(anonymous_7)
FNDA:1,(anonymous_8)
FNDA:1,(anonymous_9)
FNDA:1,(anonymous_10)
FNDA:1,(anonymous_11)
DA:26,1
DA:29,6
DA:30,6
DA:48,8
DA:57,1
DA:64,1
DA:65,1
DA:71,1
DA:73,1
DA:82,1
DA:87,1
DA:92,1
DA:93,1
DA:95,1
DA:96,0
DA:99,1
DA:100,1
DA:102,1
LF:18
LH:17
BRDA:31,0,0,6
BRDA:31,0,1,6
BRDA:32,1,0,6
BRDA:32,1,1,0
BRDA:33,2,0,6
BRDA:33,2,1,5
BRDA:34,3,0,6
BRDA:34,3,1,6
BRDA:35,4,0,6
BRDA:35,4,1,6
BRDA:36,5,0,6
BRDA:36,5,1,6
BRDA:40,6,0,6
BRDA:40,6,1,6
BRDA:41,7,0,6
BRDA:41,7,1,6
BRDA:73,8,0,1
BRDA:73,8,1,0
BRDA:95,9,0,0
BRF:19
BRH:16
end_of_record
TN:
SF:src\data\models\Track.ts
FN:67,(anonymous_0)
FN:85,(anonymous_1)
FN:108,(anonymous_2)
FN:121,(anonymous_3)
FN:130,(anonymous_4)
FN:139,(anonymous_5)
FNF:6
FNH:4
FNDA:6,(anonymous_0)
FNDA:0,(anonymous_1)
FNDA:0,(anonymous_2)
FNDA:7,(anonymous_3)
FNDA:1,(anonymous_4)
FNDA:1,(anonymous_5)
DA:65,1
DA:68,6
DA:69,6
DA:86,0
DA:87,0
DA:109,0
DA:110,0
DA:122,7
DA:131,1
DA:140,1
LF:10
LH:6
BRDA:70,0,0,6
BRDA:70,0,1,6
BRDA:71,1,0,6
BRDA:71,1,1,0
BRDA:72,2,0,6
BRDA:72,2,1,5
BRDA:73,3,0,6
BRDA:73,3,1,6
BRDA:74,4,0,6
BRDA:74,4,1,6
BRDA:75,5,0,6
BRDA:75,5,1,6
BRDA:76,6,0,6
BRDA:76,6,1,6
BRDA:77,7,0,6
BRDA:77,7,1,6
BRDA:78,8,0,6
BRDA:78,8,1,6
BRDA:79,9,0,6
BRDA:79,9,1,6
BRDA:88,10,0,0
BRDA:88,10,1,0
BRDA:89,11,0,0
BRDA:89,11,1,0
BRDA:90,12,0,0
BRDA:90,12,1,0
BRDA:91,13,0,0
BRDA:91,13,1,0
BRDA:92,14,0,0
BRDA:92,14,1,0
BRDA:93,15,0,0
BRDA:93,15,1,0
BRDA:94,16,0,0
BRDA:94,16,1,0
BRDA:95,17,0,0
BRDA:95,17,1,0
BRDA:96,18,0,0
BRDA:96,18,1,0
BRDA:102,19,0,0
BRDA:102,19,1,0
BRDA:111,20,0,0
BRDA:111,20,1,0
BRDA:112,21,0,0
BRDA:112,21,1,0
BRDA:113,22,0,0
BRDA:113,22,1,0
BRDA:114,23,0,0
BRDA:114,23,1,0
BRDA:115,24,0,0
BRDA:115,24,1,0
BRF:50
BRH:19
end_of_record
TN:
SF:src\data\repositories\ProjectRepository.ts
FN:9,(anonymous_0)
FN:13,(anonymous_1)
FN:20,(anonymous_2)
FN:25,(anonymous_3)
FN:30,(anonymous_4)
FN:40,(anonymous_5)
FN:45,(anonymous_6)
FN:55,(anonymous_7)
FN:65,(anonymous_8)
FN:75,(anonymous_9)
FN:83,(anonymous_10)
FN:93,(anonymous_11)
FN:98,(anonymous_12)
FN:109,(anonymous_13)
FN:114,(anonymous_14)
FNF:15
FNH:14
FNDA:7,(anonymous_0)
FNDA:6,(anonymous_1)
FNDA:3,(anonymous_2)
FNDA:0,(anonymous_3)
FNDA:8,(anonymous_4)
FNDA:2,(anonymous_5)
FNDA:2,(anonymous_6)
FNDA:2,(anonymous_7)
FNDA:2,(anonymous_8)
FNDA:2,(anonymous_9)
FNDA:2,(anonymous_10)
FNDA:2,(anonymous_11)
FNDA:2,(anonymous_12)
FNDA:2,(anonymous_13)
FNDA:7,(anonymous_14)
DA:2,1
DA:9,1
DA:10,7
DA:14,6
DA:15,6
DA:16,6
DA:21,3
DA:26,0
DA:31,8
DA:32,8
DA:34,4
DA:35,4
DA:36,4
DA:41,2
DA:46,2
DA:47,2
DA:49,1
DA:50,1
DA:51,1
DA:56,2
DA:57,2
DA:59,1
DA:60,1
DA:61,1
DA:66,2
DA:67,2
DA:69,1
DA:70,1
DA:71,1
DA:76,2
DA:77,2
DA:79,1
DA:84,2
DA:85,2
DA:87,1
DA:88,1
DA:89,1
DA:94,2
DA:103,2
DA:110,2
DA:115,7
LF:41
LH:40
BRDA:32,0,0,4
BRDA:47,1,0,1
BRDA:57,2,0,1
BRDA:67,3,0,1
BRDA:77,4,0,1
BRDA:85,5,0,1
BRF:6
BRH:6
end_of_record
TN:
SF:src\data\repositories\TrackRepository.ts
FN:8,(anonymous_0)
FN:12,(anonymous_1)
FN:19,(anonymous_2)
FN:24,(anonymous_3)
FN:29,(anonymous_4)
FN:39,(anonymous_5)
FN:44,(anonymous_6)
FN:57,(anonymous_7)
FN:62,(anonymous_8)
FN:70,(anonymous_9)
FN:83,(anonymous_10)
FN:88,(anonymous_11)
FN:96,(anonymous_12)
FN:101,(anonymous_13)
FN:113,(anonymous_14)
FN:118,(anonymous_15)
FN:130,(anonymous_16)
FNF:17
FNH:16
FNDA:7,(anonymous_0)
FNDA:6,(anonymous_1)
FNDA:3,(anonymous_2)
FNDA:0,(anonymous_3)
FNDA:2,(anonymous_4)
FNDA:2,(anonymous_5)
FNDA:2,(anonymous_6)
FNDA:2,(anonymous_7)
FNDA:1,(anonymous_8)
FNDA:2,(anonymous_9)
FNDA:2,(anonymous_10)
FNDA:1,(anonymous_11)
FNDA:1,(anonymous_12)
FNDA:1,(anonymous_13)
FNDA:1,(anonymous_14)
FNDA:1,(anonymous_15)
FNDA:7,(anonymous_16)
DA:2,1
DA:8,1
DA:9,7
DA:13,6
DA:14,6
DA:15,6
DA:20,3
DA:25,0
DA:30,2
DA:31,2
DA:33,1
DA:34,1
DA:35,1
DA:40,2
DA:45,2
DA:46,2
DA:48,1
DA:52,1
DA:53,1
DA:58,2
DA:59,2
DA:61,1
DA:62,1
DA:65,1
DA:66,1
DA:71,2
DA:72,2
DA:74,1
DA:78,1
DA:79,1
DA:84,2
DA:85,2
DA:87,1
DA:88,1
DA:91,1
DA:92,1
DA:97,1
DA:98,1
DA:100,1
DA:102,1
DA:108,1
DA:109,1
DA:114,1
DA:115,1
DA:117,1
DA:119,1
DA:125,1
DA:126,1
DA:131,7
LF:49
LH:48
BRDA:31,0,0,1
BRDA:46,1,0,1
BRDA:59,2,0,1
BRDA:72,3,0,1
BRDA:85,4,0,1
BRDA:98,5,0,0
BRDA:102,6,0,1
BRDA:102,6,1,0
BRDA:115,7,0,0
BRDA:119,8,0,1
BRDA:119,8,1,0
BRF:11
BRH:7
end_of_record
TN:
SF:src\domain\audio\AudioEngine.ts
FN:19,(anonymous_0)
FN:29,(anonymous_1)
FN:36,(anonymous_2)
FN:52,(anonymous_3)
FN:74,(anonymous_4)
FN:80,(anonymous_5)
FN:95,(anonymous_6)
FN:111,(anonymous_7)
FN:126,(anonymous_8)
FN:143,(anonymous_9)
FN:148,(anonymous_10)
FN:153,(anonymous_11)
FNF:12
FNH:12
FNDA:6,(anonymous_0)
FNDA:8,(anonymous_1)
FNDA:4,(anonymous_2)
FNDA:7,(anonymous_3)
FNDA:7,(anonymous_4)
FNDA:2,(anonymous_5)
FNDA:5,(anonymous_6)
FNDA:1,(anonymous_7)
FNDA:1,(anonymous_8)
FNDA:1,(anonymous_9)
FNDA:3,(anonymous_10)
FNDA:4,(anonymous_11)
DA:1,1
DA:2,1
DA:8,1
DA:9,1
DA:10,6
DA:11,6
DA:12,6
DA:13,6
DA:14,6
DA:15,6
DA:16,6
DA:17,6
DA:20,6
DA:21,6
DA:25,6
DA:26,6
DA:30,8
DA:31,6
DA:33,8
DA:37,4
DA:39,4
DA:42,4
DA:43,4
DA:44,4
DA:45,4
DA:46,4
DA:48,0
DA:53,7
DA:55,7
DA:56,4
DA:60,7
DA:63,7
DA:64,7
DA:65,7
DA:66,7
DA:67,7
DA:69,0
DA:75,7
DA:76,7
DA:81,2
DA:82,1
DA:85,1
DA:86,1
DA:87,1
DA:88,1
DA:90,0
DA:96,5
DA:97,0
DA:100,5
DA:101,5
DA:102,5
DA:103,5
DA:104,5
DA:106,0
DA:112,1
DA:113,0
DA:116,1
DA:117,1
DA:118,1
DA:119,1
DA:121,0
DA:127,1
DA:128,0
DA:131,1
DA:132,1
DA:134,1
DA:135,0
DA:138,0
DA:144,1
DA:149,3
DA:154,4
DA:156,4
DA:159,4
DA:160,4
DA:163,4
DA:165,0
LF:76
LH:65
BRDA:30,0,0,6
BRDA:55,1,0,4
BRDA:81,2,0,1
BRDA:96,3,0,0
BRDA:112,4,0,0
BRDA:127,5,0,0
BRDA:134,6,0,0
BRDA:144,7,0,1
BRDA:144,7,1,0
BRF:9
BRH:4
end_of_record
TN:
SF:src\domain\audio\AudioRoute.ts
FN:16,(anonymous_0)
FN:21,(anonymous_1)
FN:28,(anonymous_2)
FN:38,(anonymous_3)
FN:58,(anonymous_4)
FN:64,(anonymous_5)
FN:82,(anonymous_6)
FN:102,(anonymous_7)
FN:122,(anonymous_8)
FN:140,(anonymous_9)
FN:158,(anonymous_10)
FN:163,(anonymous_11)
FN:168,(anonymous_12)
FN:181,(anonymous_13)
FN:208,(anonymous_14)
FN:217,(anonymous_15)
FNF:16
FNH:16
FNDA:7,(anonymous_0)
FNDA:9,(anonymous_1)
FNDA:6,(anonymous_2)
FNDA:8,(anonymous_3)
FNDA:8,(anonymous_4)
FNDA:10,(anonymous_5)
FNDA:2,(anonymous_6)
FNDA:1,(anonymous_7)
FNDA:1,(anonymous_8)
FNDA:1,(anonymous_9)
FNDA:3,(anonymous_10)
FNDA:2,(anonymous_11)
FNDA:6,(anonymous_12)
FNDA:2,(anonymous_13)
FNDA:6,(anonymous_14)
FNDA:3,(anonymous_15)
DA:1,1
DA:2,1
DA:8,1
DA:9,1
DA:10,7
DA:11,7
DA:12,7
DA:14,7
DA:17,7
DA:18,7
DA:22,9
DA:23,7
DA:25,9
DA:29,6
DA:31,6
DA:32,6
DA:34,0
DA:39,8
DA:41,8
DA:42,6
DA:46,8
DA:49,8
DA:50,8
DA:51,8
DA:53,0
DA:59,8
DA:60,8
DA:65,10
DA:67,10
DA:70,10
DA:73,10
DA:74,7
DA:77,0
DA:83,2
DA:84,2
DA:86,2
DA:87,1
DA:90,1
DA:92,1
DA:95,1
DA:97,0
DA:103,1
DA:104,1
DA:106,1
DA:107,0
DA:110,1
DA:112,1
DA:115,1
DA:117,0
DA:123,1
DA:124,1
DA:125,0
DA:128,1
DA:130,1
DA:133,1
DA:135,0
DA:141,1
DA:142,1
DA:143,0
DA:146,1
DA:148,1
DA:151,1
DA:153,0
DA:159,3
DA:164,2
DA:169,6
DA:171,6
DA:174,6
DA:176,0
DA:182,2
DA:183,2
DA:186,2
DA:187,3
DA:191,2
DA:192,1
DA:196,2
DA:197,2
DA:198,2
DA:199,0
DA:200,0
DA:201,0
DA:210,6
DA:218,3
LF:83
LH:69
BRDA:22,0,0,7
BRDA:41,1,0,6
BRDA:86,2,0,1
BRDA:86,3,0,2
BRDA:86,3,1,1
BRDA:106,4,0,0
BRDA:106,5,0,1
BRDA:106,5,1,1
BRDA:124,6,0,0
BRDA:142,7,0,0
BRDA:164,8,0,2
BRDA:164,8,1,0
BRDA:183,9,0,0
BRDA:197,10,0,2
BRDA:200,11,0,0
BRF:15
BRH:9
end_of_record
